
Logger started, 2025-05-23T13:58:15+02:00

Logger started, 2025-05-23T14:00:00+02:00
	Added circle at (412.000000, 240.000000) with radius 25.000000
	Added circle at (417.000000, 289.000000) with radius 24.000000
	Added circle at (417.000000, 289.000000) with radius 22.000000
	Added circle at (417.000000, 289.000000) with radius 29.000000
	Added circle at (417.000000, 289.000000) with radius 39.000000
	Added circle at (417.000000, 289.000000) with radius 23.000000
	0 Starting simulation for room: one

	0 Starting simulation for room: two

	0 Starting simulation for room: three


Logger started, 2025-06-03T18:01:26+02:00
	1 Added circle at (0.000000, 0.000000) with radius 26.000000

	1 Added circle at (0.000000, 0.000000) with radius 14.000000

	1 Added circle at (0.000000, 0.000000) with radius 37.000000

	1 Added circle at (0.000000, 0.000000) with radius 20.000000

	1 Added circle at (0.000000, 0.000000) with radius 37.000000

	1 Added circle at (0.000000, 0.000000) with radius 34.000000

	1 Added circle at (0.000000, 0.000000) with radius 36.000000

	1 Added circle at (0.000000, 0.000000) with radius 29.000000

	1 Added circle at (0.000000, 0.000000) with radius 34.000000

	1 Added circle at (0.000000, 0.000000) with radius 20.000000

	1 Added circle at (0.000000, 0.000000) with radius 15.000000

	1 Added circle at (0.000000, 0.000000) with radius 27.000000

	1 Added circle at (0.000000, 0.000000) with radius 19.000000

	1 Added circle at (0.000000, 0.000000) with radius 11.000000

	1 Added circle at (0.000000, 0.000000) with radius 17.000000

	1 Added circle at (0.000000, 0.000000) with radius 27.000000

	1 Added circle at (0.000000, 0.000000) with radius 14.000000

	1 Added circle at (0.000000, 0.000000) with radius 25.000000

	1 Added circle at (0.000000, 0.000000) with radius 28.000000

	1 Added circle at (0.000000, 0.000000) with radius 32.000000

	1 Added circle at (0.000000, 0.000000) with radius 25.000000

	1 Added circle at (0.000000, 0.000000) with radius 33.000000

	1 Added circle at (0.000000, 0.000000) with radius 17.000000

	1 Added circle at (0.000000, 0.000000) with radius 26.000000

	1 Added circle at (0.000000, 0.000000) with radius 37.000000

	1 Added circle at (0.000000, 0.000000) with radius 35.000000

	1 Added circle at (0.000000, 0.000000) with radius 25.000000

	1 Added circle at (0.000000, 0.000000) with radius 19.000000

	1 Added circle at (0.000000, 0.000000) with radius 26.000000

	1 Added circle at (0.000000, 0.000000) with radius 19.000000

	1 Added circle at (0.000000, 0.000000) with radius 35.000000

	1 Added circle at (0.000000, 0.000000) with radius 20.000000

	1 Added circle at (673.000000, 85.000000) with radius 19.000000

	1 Added circle at (673.000000, 85.000000) with radius 35.000000

	1 Added circle at (673.000000, 85.000000) with radius 12.000000

	1 Added circle at (673.000000, 85.000000) with radius 34.000000

	1 Added circle at (673.000000, 85.000000) with radius 29.000000

	1 Added circle at (673.000000, 85.000000) with radius 17.000000

	1 Added circle at (673.000000, 85.000000) with radius 15.000000

	1 Added circle at (673.000000, 85.000000) with radius 22.000000

	1 Added circle at (673.000000, 85.000000) with radius 35.000000

	1 Added circle at (673.000000, 85.000000) with radius 13.000000

	1 Added circle at (673.000000, 85.000000) with radius 38.000000

	1 Added circle at (673.000000, 85.000000) with radius 13.000000

	1 Added circle at (673.000000, 85.000000) with radius 24.000000

	1 Added circle at (673.000000, 85.000000) with radius 17.000000

	1 Added circle at (673.000000, 85.000000) with radius 24.000000

	1 Added circle at (673.000000, 85.000000) with radius 16.000000

	1 Added circle at (673.000000, 85.000000) with radius 38.000000

	1 Added circle at (673.000000, 85.000000) with radius 15.000000

	1 Added circle at (673.000000, 85.000000) with radius 33.000000

	1 Added circle at (673.000000, 85.000000) with radius 34.000000

	1 Added circle at (673.000000, 85.000000) with radius 37.000000

	1 Added circle at (673.000000, 85.000000) with radius 15.000000

	1 Added circle at (673.000000, 85.000000) with radius 30.000000

	1 Added circle at (673.000000, 85.000000) with radius 33.000000

	1 Added circle at (673.000000, 85.000000) with radius 28.000000

	1 Added circle at (673.000000, 85.000000) with radius 12.000000

	1 Added circle at (673.000000, 85.000000) with radius 31.000000

	1 Added circle at (673.000000, 85.000000) with radius 30.000000

	1 Added circle at (673.000000, 85.000000) with radius 17.000000

	1 Added circle at (673.000000, 85.000000) with radius 12.000000

	1 Added circle at (673.000000, 85.000000) with radius 36.000000

	1 Added circle at (673.000000, 85.000000) with radius 18.000000

	1 Added circle at (673.000000, 85.000000) with radius 10.000000

	1 Added circle at (673.000000, 85.000000) with radius 16.000000

	1 Added circle at (673.000000, 85.000000) with radius 23.000000

	1 Added circle at (673.000000, 85.000000) with radius 27.000000

	1 Added circle at (673.000000, 85.000000) with radius 36.000000

	1 Added circle at (673.000000, 85.000000) with radius 29.000000

	1 Added circle at (673.000000, 85.000000) with radius 29.000000


Logger started, 2025-06-04T15:08:33+02:00
	Added circle at (259.000000, 183.000000) with radius 39.000000
	Added circle at (419.000000, 228.000000) with radius 27.000000
	Added circle at (491.000000, 223.000000) with radius 38.000000
	Added circle at (440.000000, 163.000000) with radius 33.000000
	Added circle at (353.000000, 142.000000) with radius 33.000000
	Added circle at (518.000000, 203.000000) with radius 18.000000

Logger started, 2025-06-04T15:27:26+02:00
	0 Starting simulation for room: one

	0 Starting simulation for room: two

	0 Starting simulation for room: three


Logger started, 2025-06-04T17:24:48+02:00
	0 Starting simulation for room: one

	0 Starting simulation for room: two

	0 Starting simulation for room: three


Logger started, 2025-06-08T16:21:37+02:00
	1 Added circle at (646.000000, 108.000000) with radius 26.000000

	1 Added circle at (410.000000, 237.000000) with radius 35.000000

	1 Added circle at (538.000000, 345.000000) with radius 36.000000

	1 Added circle at (664.000000, 512.000000) with radius 34.000000

	1 Added circle at (182.000000, 158.000000) with radius 15.000000

	1 Added circle at (188.000000, 165.000000) with radius 23.000000

	1 Added circle at (192.000000, 172.000000) with radius 28.000000

	1 Added circle at (192.000000, 172.000000) with radius 15.000000

	1 Added circle at (192.000000, 172.000000) with radius 39.000000

	1 Added circle at (192.000000, 172.000000) with radius 39.000000

	1 Added circle at (192.000000, 172.000000) with radius 22.000000

	1 Added circle at (192.000000, 172.000000) with radius 33.000000

	1 Added circle at (192.000000, 172.000000) with radius 31.000000

	1 Added circle at (192.000000, 172.000000) with radius 33.000000

	1 Added circle at (351.000000, 208.000000) with radius 35.000000

	1 Added circle at (351.000000, 208.000000) with radius 15.000000

	1 Added circle at (351.000000, 208.000000) with radius 25.000000

	1 Added circle at (351.000000, 208.000000) with radius 37.000000

	1 Added circle at (351.000000, 208.000000) with radius 21.000000

	1 Added circle at (351.000000, 208.000000) with radius 29.000000

	1 Added circle at (351.000000, 208.000000) with radius 13.000000

	1 Added circle at (351.000000, 208.000000) with radius 22.000000

	1 Added circle at (351.000000, 208.000000) with radius 24.000000

	1 Added circle at (351.000000, 208.000000) with radius 28.000000

	1 Added circle at (351.000000, 208.000000) with radius 32.000000

	1 Added circle at (351.000000, 208.000000) with radius 23.000000

	1 Added circle at (351.000000, 208.000000) with radius 39.000000

	1 Added circle at (351.000000, 208.000000) with radius 32.000000

	1 Added circle at (351.000000, 208.000000) with radius 14.000000

	1 Added circle at (351.000000, 208.000000) with radius 34.000000

	1 Added circle at (351.000000, 208.000000) with radius 23.000000

	1 Added circle at (351.000000, 208.000000) with radius 38.000000

	1 Added circle at (351.000000, 208.000000) with radius 10.000000

	1 Added circle at (351.000000, 208.000000) with radius 33.000000

	1 Added circle at (351.000000, 208.000000) with radius 32.000000

	1 Added circle at (351.000000, 208.000000) with radius 17.000000

	1 Added circle at (351.000000, 208.000000) with radius 36.000000

	1 Added circle at (351.000000, 208.000000) with radius 16.000000

	1 Added circle at (351.000000, 208.000000) with radius 37.000000

	1 Added circle at (351.000000, 208.000000) with radius 38.000000

	1 Added circle at (351.000000, 208.000000) with radius 34.000000

	1 Added circle at (351.000000, 208.000000) with radius 22.000000

	1 Added circle at (351.000000, 208.000000) with radius 22.000000

	1 Added circle at (351.000000, 208.000000) with radius 12.000000

	1 Added circle at (351.000000, 208.000000) with radius 13.000000

	1 Added circle at (351.000000, 208.000000) with radius 16.000000

	1 Added circle at (351.000000, 208.000000) with radius 21.000000

	1 Added circle at (351.000000, 208.000000) with radius 28.000000

	1 Added circle at (351.000000, 208.000000) with radius 15.000000

	1 Added circle at (351.000000, 208.000000) with radius 10.000000

	1 Added circle at (351.000000, 208.000000) with radius 17.000000

	1 Added circle at (351.000000, 208.000000) with radius 21.000000

	1 Added circle at (351.000000, 208.000000) with radius 38.000000

	1 Added circle at (351.000000, 208.000000) with radius 31.000000

	1 Added circle at (351.000000, 208.000000) with radius 27.000000

	1 Added circle at (351.000000, 208.000000) with radius 19.000000

	1 Added circle at (351.000000, 208.000000) with radius 27.000000

	1 Added circle at (351.000000, 208.000000) with radius 31.000000

	1 Added circle at (351.000000, 208.000000) with radius 13.000000

	1 Added circle at (351.000000, 208.000000) with radius 13.000000

	1 Added circle at (351.000000, 208.000000) with radius 30.000000

	1 Added circle at (351.000000, 208.000000) with radius 18.000000

	1 Added circle at (351.000000, 208.000000) with radius 27.000000

	1 Added circle at (351.000000, 208.000000) with radius 33.000000

	1 Added circle at (351.000000, 208.000000) with radius 31.000000

	1 Added circle at (351.000000, 208.000000) with radius 30.000000

	1 Added circle at (351.000000, 208.000000) with radius 31.000000

	1 Added circle at (351.000000, 208.000000) with radius 35.000000

	1 Added circle at (351.000000, 208.000000) with radius 13.000000

	1 Added circle at (351.000000, 208.000000) with radius 28.000000

	1 Added circle at (351.000000, 208.000000) with radius 24.000000

	1 Added circle at (351.000000, 208.000000) with radius 37.000000

	1 Added circle at (351.000000, 208.000000) with radius 38.000000

	1 Added circle at (351.000000, 208.000000) with radius 37.000000

	1 Added circle at (351.000000, 208.000000) with radius 24.000000

	1 Added circle at (351.000000, 208.000000) with radius 37.000000

	1 Added circle at (351.000000, 208.000000) with radius 30.000000

	1 Added circle at (351.000000, 208.000000) with radius 13.000000

	0 Starting simulation for room: one

	0 Starting simulation for room: two

	0 Starting simulation for room: three


Logger started, 2025-06-08T17:04:20+02:00
	Event type { []} not recognized

	Event type { []} not recognized

	Event type { []} not recognized

	Event type { []} not recognized

	Event type { []} not recognized

	Event type { []} not recognized

	Event type { []} not recognized

	Event type { []} not recognized

	Event type { []} not recognized

	Event type { []} not recognized

	Event type { []} not recognized

	Event type { []} not recognized

	Event type { []} not recognized

	Event type { []} not recognized

	0 Starting simulation for room: one

	0 Starting simulation for room: two

	0 Starting simulation for room: three


Logger started, 2025-06-08T17:12:58+02:00
	added circle

	added circle

	added circle

	added circle

	added circle

	added circle

	added circle

	added circle

	added circle

	added circle

	added circle

	added circle

	added circle

	added circle

	added circle

	added circle

	added circle

	added circle

	added circle

	added circle

	added circle

	added circle

	added circle

	added circle

	added circle

	added circle

	added circle

	added circle

	added circle

	added circle

	added circle

	added circle

	added circle

	added circle

	added circle



	Read error for client in room one read tcp [::1]:8080->[::1]:45868: read: connection reset by peer
	Write error to client in room %s: %v one write tcp [::1]:8080->[::1]:45868: write: broken pipe
	Read error for client in room one read tcp [::1]:8080->[::1]:37448: read: connection reset by peer
	Write error to client in room %s: %v one write tcp [::1]:8080->[::1]:37448: write: broken pipe

Logger started, 2025-06-09T14:30:11+02:00
Logger started, 2025-06-09T14:30:45+02:00	Created and started new room: one for game type: balls
	Read error for client in room one websocket: close 1006 (abnormal closure): unexpected EOF
	Write error to client in room %s: %v one write tcp [::1]:8080->[::1]:47412: write: broken pipe

Logger started, 2025-06-09T14:33:37+02:00	Created and started new room: one for game type: balls

Logger started, 2025-06-09T14:37:41+02:00	starting duel game
	Created and started new room: two for game type: duel

Logger started, 2025-06-09T14:45:26+02:00	starting duel game
	Created and started new room: two for game type: duel

Logger started, 2025-06-09T14:55:03+02:00	Created and started new room: one for game type: balls
	Created and started new room: two for game type: balls
	starting duel game
	Created and started new room: three for game type: duel

Logger started, 2025-06-09T15:03:51+02:00	starting duel game
	Created and started new room: three for game type: duel

Logger started, 2025-06-09T15:05:53+02:00	starting duel game
	Created and started new room: three for game type: duel
